<?xml version="1.0" encoding="UTF-8" standalone="no"?><testsuite errors="0" failures="0" name="Die Features" skipped="0" tests="13" time="0.39" timestamp="2024-10-10 10:05:07"><testcase name="Retrieve die value as JSON"/><testcase name="Retrieve die value as Float"/><testcase name="Retrieve die value as Word"/><testcase name="Retrieve die value as Dots"/><testcase name="Retrieve die value as Integer "/><testcase name="Retrieve die value with invalid Accept header"/><testcase name="Successfully set die value"/><testcase name="Fail to set die value due to invalid authorization"/><testcase name="Fail to set die value due to invalid die ID"/><testcase name="Fail to set die value due to invalid die value"/><testcase name="Fail to set die value due to invalid request body"/><testcase name="Successfully roll a die"/><testcase name="Fail to roll a die due to an invalid die ID"/></testsuite>