<?xml version="1.0" encoding="UTF-8" standalone="no"?><testsuite errors="0" failures="0" name="Player Name" skipped="0" tests="5" time="0.15" timestamp="2024-10-10 10:05:08"><testcase name="Successfully retrieve the player's name"/><testcase name="Successfully set a new player's name"/><testcase name="Fail to set the player's name due to missing authorization"/><testcase name="Fail to set the player's name due to invalid authorization"/><testcase name="Fail to set the player's name due to invalid JSON body"/></testsuite>